[2021-05-01 12:53:11.113] [exthost] [info] extension host started
[2021-05-01 12:53:11.155] [exthost] [info] ExtensionService#_doActivateExtension vscode.debug-auto-launch {"startup":true,"extensionId":{"value":"vscode.debug-auto-launch","_lower":"vscode.debug-auto-launch"},"activationEvent":"*"}
[2021-05-01 12:53:11.157] [exthost] [info] ExtensionService#loadCommonJSModule file:///usr/local/share/.config/yarn/global/node_modules/code-server/lib/vscode/extensions/debug-auto-launch/dist/extension
[2021-05-01 12:53:11.169] [exthost] [info] ExtensionService#_doActivateExtension vscode.git {"startup":true,"extensionId":{"value":"vscode.github","_lower":"vscode.github"},"activationEvent":"*"}
[2021-05-01 12:53:11.169] [exthost] [info] ExtensionService#loadCommonJSModule file:///usr/local/share/.config/yarn/global/node_modules/code-server/lib/vscode/extensions/git/dist/main
[2021-05-01 12:53:11.323] [exthost] [info] ExtensionService#_doActivateExtension vscode.github {"startup":true,"extensionId":{"value":"vscode.github","_lower":"vscode.github"},"activationEvent":"*"}
[2021-05-01 12:53:11.323] [exthost] [info] ExtensionService#loadCommonJSModule file:///usr/local/share/.config/yarn/global/node_modules/code-server/lib/vscode/extensions/github/dist/extension.js
[2021-05-01 12:53:11.351] [exthost] [info] ExtensionService#_doActivateExtension ms-vscode.js-debug {"startup":false,"extensionId":{"value":"ms-vscode.js-debug","_lower":"ms-vscode.js-debug"},"activationEvent":"onCommand:extension.js-debug.clearAutoAttachVariables"}
[2021-05-01 12:53:11.351] [exthost] [info] ExtensionService#loadCommonJSModule file:///usr/local/share/.config/yarn/global/node_modules/code-server/lib/vscode/extensions/ms-vscode.js-debug/src/extension.js
[2021-05-01 12:53:11.647] [exthost] [info] ExtensionService#_doActivateExtension vscode.emmet {"startup":false,"extensionId":{"value":"vscode.emmet","_lower":"vscode.emmet"},"activationEvent":"onStartupFinished"}
[2021-05-01 12:53:11.647] [exthost] [info] ExtensionService#loadCommonJSModule file:///usr/local/share/.config/yarn/global/node_modules/code-server/lib/vscode/extensions/emmet/dist/node/emmetNodeMain
[2021-05-01 12:53:11.668] [exthost] [info] ExtensionService#_doActivateExtension vscode.merge-conflict {"startup":false,"extensionId":{"value":"vscode.merge-conflict","_lower":"vscode.merge-conflict"},"activationEvent":"onStartupFinished"}
[2021-05-01 12:53:11.668] [exthost] [info] ExtensionService#loadCommonJSModule file:///usr/local/share/.config/yarn/global/node_modules/code-server/lib/vscode/extensions/merge-conflict/dist/mergeConflictMain
[2021-05-01 12:53:11.679] [exthost] [info] ExtensionService#_doActivateExtension vscode.testing-editor-contributions {"startup":false,"extensionId":{"value":"vscode.testing-editor-contributions","_lower":"vscode.testing-editor-contributions"},"activationEvent":"onStartupFinished"}
[2021-05-01 12:53:11.679] [exthost] [info] ExtensionService#loadCommonJSModule file:///usr/local/share/.config/yarn/global/node_modules/code-server/lib/vscode/extensions/testing-editor-contributions/dist/extension.js
[2021-05-01 12:53:11.683] [exthost] [info] eager extensions activated
[2021-05-01 12:53:20.285] [exthost] [info] extension host terminating: received terminate message from renderer
[2021-05-01 12:53:21.308] [exthost] [info] exiting with code 0
[2021-05-01 12:53:22.950] [exthost] [info] extension host started
[2021-05-01 12:53:22.987] [exthost] [info] ExtensionService#_doActivateExtension vscode.debug-auto-launch {"startup":true,"extensionId":{"value":"vscode.debug-auto-launch","_lower":"vscode.debug-auto-launch"},"activationEvent":"*"}
[2021-05-01 12:53:22.987] [exthost] [info] ExtensionService#loadCommonJSModule file:///usr/local/share/.config/yarn/global/node_modules/code-server/lib/vscode/extensions/debug-auto-launch/dist/extension
[2021-05-01 12:53:22.995] [exthost] [info] ExtensionService#_doActivateExtension vscode.git {"startup":true,"extensionId":{"value":"vscode.github","_lower":"vscode.github"},"activationEvent":"*"}
[2021-05-01 12:53:22.995] [exthost] [info] ExtensionService#loadCommonJSModule file:///usr/local/share/.config/yarn/global/node_modules/code-server/lib/vscode/extensions/git/dist/main
[2021-05-01 12:53:23.188] [exthost] [info] ExtensionService#_doActivateExtension vscode.github {"startup":true,"extensionId":{"value":"vscode.github","_lower":"vscode.github"},"activationEvent":"*"}
[2021-05-01 12:53:23.188] [exthost] [info] ExtensionService#loadCommonJSModule file:///usr/local/share/.config/yarn/global/node_modules/code-server/lib/vscode/extensions/github/dist/extension.js
[2021-05-01 12:53:23.240] [exthost] [info] ExtensionService#_doActivateExtension vscode.emmet {"startup":false,"extensionId":{"value":"vscode.emmet","_lower":"vscode.emmet"},"activationEvent":"onStartupFinished"}
[2021-05-01 12:53:23.240] [exthost] [info] ExtensionService#loadCommonJSModule file:///usr/local/share/.config/yarn/global/node_modules/code-server/lib/vscode/extensions/emmet/dist/node/emmetNodeMain
[2021-05-01 12:53:23.258] [exthost] [info] ExtensionService#_doActivateExtension vscode.merge-conflict {"startup":false,"extensionId":{"value":"vscode.merge-conflict","_lower":"vscode.merge-conflict"},"activationEvent":"onStartupFinished"}
[2021-05-01 12:53:23.258] [exthost] [info] ExtensionService#loadCommonJSModule file:///usr/local/share/.config/yarn/global/node_modules/code-server/lib/vscode/extensions/merge-conflict/dist/mergeConflictMain
[2021-05-01 12:53:23.265] [exthost] [info] ExtensionService#_doActivateExtension vscode.testing-editor-contributions {"startup":false,"extensionId":{"value":"vscode.testing-editor-contributions","_lower":"vscode.testing-editor-contributions"},"activationEvent":"onStartupFinished"}
[2021-05-01 12:53:23.265] [exthost] [info] ExtensionService#loadCommonJSModule file:///usr/local/share/.config/yarn/global/node_modules/code-server/lib/vscode/extensions/testing-editor-contributions/dist/extension.js
[2021-05-01 12:53:23.268] [exthost] [info] eager extensions activated
[2021-05-01 12:53:23.271] [exthost] [info] ExtensionService#_doActivateExtension ms-vscode.js-debug {"startup":false,"extensionId":{"value":"ms-vscode.js-debug","_lower":"ms-vscode.js-debug"},"activationEvent":"onCommand:extension.js-debug.clearAutoAttachVariables"}
[2021-05-01 12:53:23.272] [exthost] [info] ExtensionService#loadCommonJSModule file:///usr/local/share/.config/yarn/global/node_modules/code-server/lib/vscode/extensions/ms-vscode.js-debug/src/extension.js
