[2021-05-01 12:55:11.132] [exthost] [info] extension host started
[2021-05-01 12:55:11.209] [exthost] [info] ExtensionService#_doActivateExtension vscode.debug-auto-launch {"startup":true,"extensionId":{"value":"vscode.debug-auto-launch","_lower":"vscode.debug-auto-launch"},"activationEvent":"*"}
[2021-05-01 12:55:11.210] [exthost] [info] ExtensionService#loadCommonJSModule file:///usr/local/share/.config/yarn/global/node_modules/code-server/lib/vscode/extensions/debug-auto-launch/dist/extension
[2021-05-01 12:55:11.219] [exthost] [info] ExtensionService#_doActivateExtension vscode.git {"startup":true,"extensionId":{"value":"vscode.github","_lower":"vscode.github"},"activationEvent":"*"}
[2021-05-01 12:55:11.219] [exthost] [info] ExtensionService#loadCommonJSModule file:///usr/local/share/.config/yarn/global/node_modules/code-server/lib/vscode/extensions/git/dist/main
[2021-05-01 12:55:11.368] [exthost] [info] ExtensionService#_doActivateExtension vscode.github {"startup":true,"extensionId":{"value":"vscode.github","_lower":"vscode.github"},"activationEvent":"*"}
[2021-05-01 12:55:11.369] [exthost] [info] ExtensionService#loadCommonJSModule file:///usr/local/share/.config/yarn/global/node_modules/code-server/lib/vscode/extensions/github/dist/extension.js
[2021-05-01 12:55:11.427] [exthost] [info] ExtensionService#_doActivateExtension vscode.emmet {"startup":false,"extensionId":{"value":"vscode.emmet","_lower":"vscode.emmet"},"activationEvent":"onStartupFinished"}
[2021-05-01 12:55:11.427] [exthost] [info] ExtensionService#loadCommonJSModule file:///usr/local/share/.config/yarn/global/node_modules/code-server/lib/vscode/extensions/emmet/dist/node/emmetNodeMain
[2021-05-01 12:55:11.446] [exthost] [info] ExtensionService#_doActivateExtension vscode.merge-conflict {"startup":false,"extensionId":{"value":"vscode.merge-conflict","_lower":"vscode.merge-conflict"},"activationEvent":"onStartupFinished"}
[2021-05-01 12:55:11.446] [exthost] [info] ExtensionService#loadCommonJSModule file:///usr/local/share/.config/yarn/global/node_modules/code-server/lib/vscode/extensions/merge-conflict/dist/mergeConflictMain
[2021-05-01 12:55:11.455] [exthost] [info] ExtensionService#_doActivateExtension vscode.testing-editor-contributions {"startup":false,"extensionId":{"value":"vscode.testing-editor-contributions","_lower":"vscode.testing-editor-contributions"},"activationEvent":"onStartupFinished"}
[2021-05-01 12:55:11.456] [exthost] [info] ExtensionService#loadCommonJSModule file:///usr/local/share/.config/yarn/global/node_modules/code-server/lib/vscode/extensions/testing-editor-contributions/dist/extension.js
[2021-05-01 12:55:11.459] [exthost] [info] eager extensions activated
[2021-05-01 12:55:11.466] [exthost] [info] ExtensionService#_doActivateExtension ms-vscode.js-debug {"startup":false,"extensionId":{"value":"ms-vscode.js-debug","_lower":"ms-vscode.js-debug"},"activationEvent":"onCommand:extension.js-debug.clearAutoAttachVariables"}
[2021-05-01 12:55:11.467] [exthost] [info] ExtensionService#loadCommonJSModule file:///usr/local/share/.config/yarn/global/node_modules/code-server/lib/vscode/extensions/ms-vscode.js-debug/src/extension.js
[2021-05-01 12:55:17.098] [exthost] [info] extension host terminating: received terminate message from renderer
[2021-05-01 12:55:19.401] [exthost] [info] extension host started
[2021-05-01 12:55:19.451] [exthost] [info] ExtensionService#_doActivateExtension vscode.debug-auto-launch {"startup":true,"extensionId":{"value":"vscode.debug-auto-launch","_lower":"vscode.debug-auto-launch"},"activationEvent":"*"}
[2021-05-01 12:55:19.451] [exthost] [info] ExtensionService#loadCommonJSModule file:///usr/local/share/.config/yarn/global/node_modules/code-server/lib/vscode/extensions/debug-auto-launch/dist/extension
[2021-05-01 12:55:19.460] [exthost] [info] ExtensionService#_doActivateExtension vscode.git {"startup":true,"extensionId":{"value":"vscode.github","_lower":"vscode.github"},"activationEvent":"*"}
[2021-05-01 12:55:19.460] [exthost] [info] ExtensionService#loadCommonJSModule file:///usr/local/share/.config/yarn/global/node_modules/code-server/lib/vscode/extensions/git/dist/main
[2021-05-01 12:55:19.605] [exthost] [info] ExtensionService#_doActivateExtension vscode.github {"startup":true,"extensionId":{"value":"vscode.github","_lower":"vscode.github"},"activationEvent":"*"}
[2021-05-01 12:55:19.605] [exthost] [info] ExtensionService#loadCommonJSModule file:///usr/local/share/.config/yarn/global/node_modules/code-server/lib/vscode/extensions/github/dist/extension.js
[2021-05-01 12:55:19.720] [exthost] [info] ExtensionService#_doActivateExtension vscode.emmet {"startup":false,"extensionId":{"value":"vscode.emmet","_lower":"vscode.emmet"},"activationEvent":"onStartupFinished"}
[2021-05-01 12:55:19.721] [exthost] [info] ExtensionService#loadCommonJSModule file:///usr/local/share/.config/yarn/global/node_modules/code-server/lib/vscode/extensions/emmet/dist/node/emmetNodeMain
[2021-05-01 12:55:19.763] [exthost] [info] ExtensionService#_doActivateExtension vscode.merge-conflict {"startup":false,"extensionId":{"value":"vscode.merge-conflict","_lower":"vscode.merge-conflict"},"activationEvent":"onStartupFinished"}
[2021-05-01 12:55:19.763] [exthost] [info] ExtensionService#loadCommonJSModule file:///usr/local/share/.config/yarn/global/node_modules/code-server/lib/vscode/extensions/merge-conflict/dist/mergeConflictMain
[2021-05-01 12:55:19.775] [exthost] [info] ExtensionService#_doActivateExtension vscode.testing-editor-contributions {"startup":false,"extensionId":{"value":"vscode.testing-editor-contributions","_lower":"vscode.testing-editor-contributions"},"activationEvent":"onStartupFinished"}
[2021-05-01 12:55:19.775] [exthost] [info] ExtensionService#loadCommonJSModule file:///usr/local/share/.config/yarn/global/node_modules/code-server/lib/vscode/extensions/testing-editor-contributions/dist/extension.js
[2021-05-01 12:55:19.779] [exthost] [info] eager extensions activated
[2021-05-01 12:55:19.798] [exthost] [info] ExtensionService#_doActivateExtension ms-vscode.js-debug {"startup":false,"extensionId":{"value":"ms-vscode.js-debug","_lower":"ms-vscode.js-debug"},"activationEvent":"onCommand:extension.js-debug.clearAutoAttachVariables"}
[2021-05-01 12:55:19.799] [exthost] [info] ExtensionService#loadCommonJSModule file:///usr/local/share/.config/yarn/global/node_modules/code-server/lib/vscode/extensions/ms-vscode.js-debug/src/extension.js
